This is e-upTeX, Version 3.14159265-p3.8.0-u1.23-180226-2.6 (utf8.uptex) (TeX Live 2018) (preloaded format=uplatex 2018.11.12)  2 FEB 2019 12:27
entering extended mode
 restricted \write18 enabled.
 file:line:error style messages enabled.
 %&-line parsing enabled.
**nakanishi_bthesis.tex
(./nakanishi_bthesis.tex
pLaTeX2e <2018-04-01u02>+1 (based on LaTeX2e <2018-04-01> patch level 2)
Babel <3.18> and hyphenation patterns for 84 language(s) loaded.
(/usr/local/texlive/2018/texmf-dist/tex/platex/jsclasses/jsbook.cls
Document Class: jsbook 2018/03/11 jsclasses (okumura, texjporg)
\jsc@mpt=\dimen118
\jsc@mmm=\dimen119
\jsc@smallskipamount=\skip41
LaTeX Info: Redefining \rmfamily on input line 471.
LaTeX Info: Redefining \sffamily on input line 474.
LaTeX Info: Redefining \ttfamily on input line 477.
LaTeX Info: Redefining \textmc on input line 481.
LaTeX Info: Redefining \textgt on input line 483.
\symmincho=\mathgroup4
LaTeX Font Info:    Overwriting symbol font `mincho' in version `bold'
(Font)                  JY2/mc/m/n --> JY2/gt/m/n on input line 545.
LaTeX Font Info:    Font shape `JT2/mc/m/n' will be
(Font)              scaled to size 9.24683pt on input line 736.
LaTeX Font Info:    Font shape `JY2/mc/m/n' will be
(Font)              scaled to size 9.24683pt on input line 736.
\fullwidth=\dimen120
LaTeX Font Info:    Font shape `JT2/mc/m/n' will be
(Font)              scaled to size 7.39746pt on input line 897.
LaTeX Font Info:    Font shape `JY2/mc/m/n' will be
(Font)              scaled to size 7.39746pt on input line 897.
\c@part=\count83
\c@chapter=\count84
\c@section=\count85
\c@subsection=\count86
\c@subsubsection=\count87
\c@paragraph=\count88
\c@subparagraph=\count89
\c@figure=\count90
\c@table=\count91
\abovecaptionskip=\skip42
\belowcaptionskip=\skip43
\jsc@tocl@width=\dimen121
\@lnumwidth=\dimen122
\bibindent=\dimen123
(/usr/local/texlive/2018/texmf-dist/tex/platex/jsclasses/jslogo.sty
Package: jslogo 2017/02/24 okumura, texjporg
LaTeX Info: Redefining \TeX on input line 94.
LaTeX Info: Redefining \LaTeX on input line 147.
LaTeX Info: Redefining \LaTeXe on input line 200.
)
\heisei=\count92
) (/usr/local/texlive/2018/texmf-dist/tex/latex/tools/bm.sty
Package: bm 2017/01/16 v1.2c Bold Symbol Support (DPC/FMi)
\symboldoperators=\mathgroup5
\symboldletters=\mathgroup6
\symboldsymbols=\mathgroup7
\symboldmincho=\mathgroup8
LaTeX Font Info:    Redeclaring math alphabet \mathbf on input line 141.
LaTeX Info: Redefining \bm on input line 207.
) (/usr/local/texlive/2018/texmf-dist/tex/latex/amsmath/amsmath.sty
Package: amsmath 2017/09/02 v2.17a AMS math features
\@mathmargin=\skip44

For additional information on amsmath, use the `?' option.
(/usr/local/texlive/2018/texmf-dist/tex/latex/amsmath/amstext.sty
Package: amstext 2000/06/29 v2.01 AMS text
 (/usr/local/texlive/2018/texmf-dist/tex/latex/amsmath/amsgen.sty
File: amsgen.sty 1999/11/30 v2.0 generic functions
\@emptytoks=\toks15
\ex@=\dimen124
)) (/usr/local/texlive/2018/texmf-dist/tex/latex/amsmath/amsbsy.sty
Package: amsbsy 1999/11/29 v1.2d Bold Symbols
LaTeX Info: Redefining \boldsymbol on input line 28.
\pmbraise@=\dimen125
) (/usr/local/texlive/2018/texmf-dist/tex/latex/amsmath/amsopn.sty
Package: amsopn 2016/03/08 v2.02 operator names
)
\inf@bad=\count93
LaTeX Info: Redefining \frac on input line 213.
\uproot@=\count94
\leftroot@=\count95
LaTeX Info: Redefining \overline on input line 375.
\classnum@=\count96
\DOTSCASE@=\count97
LaTeX Info: Redefining \ldots on input line 472.
LaTeX Info: Redefining \dots on input line 475.
LaTeX Info: Redefining \cdots on input line 596.
\Mathstrutbox@=\box42
\strutbox@=\box43
\big@size=\dimen126
LaTeX Font Info:    Redeclaring font encoding OML on input line 712.
LaTeX Font Info:    Redeclaring font encoding OMS on input line 713.
\macc@depth=\count98
\c@MaxMatrixCols=\count99
\dotsspace@=\muskip10
\c@parentequation=\count100
\dspbrk@lvl=\count101
\tag@help=\toks16
\row@=\count102
\column@=\count103
\maxfields@=\count104
\andhelp@=\toks17
\eqnshift@=\dimen127
\alignsep@=\dimen128
\tagshift@=\dimen129
\tagwidth@=\dimen130
\totwidth@=\dimen131
\lineht@=\dimen132
\@envbody=\toks18
\multlinegap=\skip45
\multlinetaggap=\skip46
\mathdisplay@stack=\toks19
LaTeX Info: Redefining \[ on input line 2817.
LaTeX Info: Redefining \] on input line 2818.
) (/usr/local/texlive/2018/texmf-dist/tex/latex/graphics/graphicx.sty
Package: graphicx 2017/06/01 v1.1a Enhanced LaTeX Graphics (DPC,SPQR)
 (/usr/local/texlive/2018/texmf-dist/tex/latex/graphics/keyval.sty
Package: keyval 2014/10/28 v1.15 key=value parser (DPC)
\KV@toks@=\toks20
) (/usr/local/texlive/2018/texmf-dist/tex/latex/graphics/graphics.sty
Package: graphics 2017/06/25 v1.2c Standard LaTeX Graphics (DPC,SPQR)
 (/usr/local/texlive/2018/texmf-dist/tex/latex/graphics/trig.sty
Package: trig 2016/01/03 v1.10 sin cos tan (DPC)
) (/usr/local/texlive/2018/texmf-dist/tex/latex/graphics-cfg/graphics.cfg
File: graphics.cfg 2016/06/04 v1.11 sample graphics configuration
)
Package graphics Info: Driver file: dvipdfmx.def on input line 99.
 (/usr/local/texlive/2018/texmf-dist/tex/latex/graphics-def/dvipdfmx.def
File: dvipdfmx.def 2017/06/24 v5.0g Graphics/color driver for dvipdfmx
))
\Gin@req@height=\dimen133
\Gin@req@width=\dimen134
) (/usr/local/texlive/2018/texmf-dist/tex/latex/wrapfig/wrapfig.sty
\wrapoverhang=\dimen135
\WF@size=\dimen136
\c@WF@wrappedlines=\count105
\WF@box=\box44
\WF@everypar=\toks21
Package: wrapfig 2003/01/31  v 3.6
) (/usr/local/texlive/2018/texmf-dist/tex/latex/caption/caption.sty
Package: caption 2016/02/21 v3.3-144 Customizing captions (AR)
 (/usr/local/texlive/2018/texmf-dist/tex/latex/caption/caption3.sty
Package: caption3 2016/05/22 v1.7-166 caption3 kernel (AR)
Package caption3 Info: TeX engine: e-TeX on input line 67.
\captionmargin=\dimen137
\captionmargin@=\dimen138
\captionwidth=\dimen139
\caption@tempdima=\dimen140
\caption@indent=\dimen141
\caption@parindent=\dimen142
\caption@hangindent=\dimen143
Package caption Info: Unknown document class (or package),
(caption)             standard defaults will be used.
)

Package caption Warning: Unsupported document class (or package) detected,
(caption)                usage of the caption package is not recommended.
See the caption package documentation for explanation.

Package caption Info: \@makecaption = \long macro:#1#2->{\small \advance \leftskip .0628\linewidth \advance \rightskip .0628\linewidth \vskip \abovecaptionskip \sbox \@tempboxa {#1\hskip 1zw\relax #2}\ifdim \wd \@tempboxa <\hsize \centering \fi #1\hskip 1zw\relax #2\par \vskip \belowcaptionskip }.
\c@ContinuedFloat=\count106
Package caption Info: wrapfig package is loaded.
) (/usr/local/texlive/2018/texmf-dist/tex/latex/caption/subcaption.sty
Package: subcaption 2016/05/22 v1.1-161 Sub-captions (AR)
\c@subfigure=\count107
\c@subtable=\count108
) (/usr/local/texlive/2018/texmf-dist/tex/latex/here/here.sty) (/usr/local/texlive/2018/texmf-dist/tex/latex/float/float.sty
Package: float 2001/11/08 v1.3d Float enhancements (AL)
\c@float@type=\count109
\float@exts=\toks22
\float@box=\box45
\@float@everytoks=\toks23
\@floatcapt=\box46
) (/usr/local/texlive/2018/texmf-dist/tex/latex/comment/comment.sty
\CommentStream=\write3
 Excluding comment 'comment') (./nakanishi_bthesis.aux

LaTeX Warning: Label `TA_structure' multiply defined.

)
\openout1 = `nakanishi_bthesis.aux'.

LaTeX Font Info:    Checking defaults for OML/cmm/m/it on input line 16.
LaTeX Font Info:    ... okay on input line 16.
LaTeX Font Info:    Checking defaults for T1/cmr/m/n on input line 16.
LaTeX Font Info:    ... okay on input line 16.
LaTeX Font Info:    Checking defaults for OT1/cmr/m/n on input line 16.
LaTeX Font Info:    ... okay on input line 16.
LaTeX Font Info:    Checking defaults for OMS/cmsy/m/n on input line 16.
LaTeX Font Info:    ... okay on input line 16.
LaTeX Font Info:    Checking defaults for OMX/cmex/m/n on input line 16.
LaTeX Font Info:    ... okay on input line 16.
LaTeX Font Info:    Checking defaults for U/cmr/m/n on input line 16.
LaTeX Font Info:    ... okay on input line 16.
LaTeX Font Info:    Checking defaults for JY2/mc/m/n on input line 16.
LaTeX Font Info:    ... okay on input line 16.
LaTeX Font Info:    Checking defaults for JT2/mc/m/n on input line 16.
LaTeX Font Info:    ... okay on input line 16.
Package caption Info: Begin \AtBeginDocument code.
Package caption Info: float package is loaded.
Package caption Info: End \AtBeginDocument code.
LaTeX Font Info:    Font shape `JT2/mc/m/n' will be
(Font)              scaled to size 15.9785pt on input line 17.
LaTeX Font Info:    Font shape `JY2/mc/m/n' will be
(Font)              scaled to size 15.9785pt on input line 17.
LaTeX Font Info:    Font shape `JT2/mc/m/n' will be
(Font)              scaled to size 11.09619pt on input line 17.
LaTeX Font Info:    Font shape `JY2/mc/m/n' will be
(Font)              scaled to size 11.09619pt on input line 17.
LaTeX Font Info:    Font shape `JY2/mc/m/n' will be
(Font)              scaled to size 5.5481pt on input line 17.
LaTeX Font Info:    Font shape `JY2/gt/m/n' will be
(Font)              scaled to size 11.09619pt on input line 17.
LaTeX Font Info:    Font shape `JY2/gt/m/n' will be
(Font)              scaled to size 7.39746pt on input line 17.
LaTeX Font Info:    Font shape `JY2/gt/m/n' will be
(Font)              scaled to size 5.5481pt on input line 17.
 [1


]
LaTeX Font Info:    Font shape `JT2/gt/m/n' will be
(Font)              scaled to size 9.24683pt on input line 21.
LaTeX Font Info:    Font shape `JY2/gt/m/n' will be
(Font)              scaled to size 9.24683pt on input line 21.
LaTeX Font Info:    Font shape `JT2/mc/m/n' will be
(Font)              scaled to size 23.0061pt on input line 21.
LaTeX Font Info:    Font shape `JY2/mc/m/n' will be
(Font)              scaled to size 23.0061pt on input line 21.
LaTeX Font Info:    Font shape `JT2/gt/m/n' will be
(Font)              scaled to size 23.0061pt on input line 21.
LaTeX Font Info:    Font shape `JY2/gt/m/n' will be
(Font)              scaled to size 23.0061pt on input line 21.
 (./nakanishi_bthesis.toc
LaTeX Font Info:    Font shape `JY2/mc/m/n' will be
(Font)              scaled to size 6.47278pt on input line 2.
LaTeX Font Info:    Font shape `JY2/mc/m/n' will be
(Font)              scaled to size 4.62341pt on input line 2.
LaTeX Font Info:    Font shape `JY2/gt/m/n' will be
(Font)              scaled to size 6.47278pt on input line 2.
LaTeX Font Info:    Font shape `JY2/gt/m/n' will be
(Font)              scaled to size 4.62341pt on input line 2.
 [1

])
\tf@toc=\write4
\openout4 = `nakanishi_bthesis.toc'.

 [2]
第1章
LaTeX Font Info:    Font shape `JT2/mc/m/n' will be
(Font)              scaled to size 19.17792pt on input line 25.
LaTeX Font Info:    Font shape `JY2/mc/m/n' will be
(Font)              scaled to size 19.17792pt on input line 25.
LaTeX Font Info:    Font shape `JT2/gt/m/n' will be
(Font)              scaled to size 19.17792pt on input line 25.
LaTeX Font Info:    Font shape `JY2/gt/m/n' will be
(Font)              scaled to size 19.17792pt on input line 25.
LaTeX Font Info:    Font shape `JT2/mc/m/n' will be
(Font)              scaled to size 13.31541pt on input line 26.
LaTeX Font Info:    Font shape `JY2/mc/m/n' will be
(Font)              scaled to size 13.31541pt on input line 26.
LaTeX Font Info:    Font shape `JT2/gt/m/n' will be
(Font)              scaled to size 13.31541pt on input line 26.
LaTeX Font Info:    Font shape `JY2/gt/m/n' will be
(Font)              scaled to size 13.31541pt on input line 26.
LaTeX Font Info:    Font shape `JT2/gt/m/n' will be
(Font)              scaled to size 11.09619pt on input line 27.
LaTeX Font Info:    Font shape `JT2/mc/bx/n' in size <10> not available
(Font)              Font shape `JT2/gt/m/n' tried instead on input line 28.
LaTeX Font Info:    Font shape `JT2/gt/m/n' will be
(Font)              scaled to size 9.24683pt on input line 28.
LaTeX Font Info:    Font shape `JY2/mc/bx/n' in size <10> not available
(Font)              Font shape `JY2/gt/m/n' tried instead on input line 28.
LaTeX Font Info:    Font shape `JY2/gt/m/n' will be
(Font)              scaled to size 9.24683pt on input line 28.

LaTeX Warning: Citation `レーザー冷却とその応用' on page 3 undefined on input line 28.


LaTeX Warning: Citation `PhysRevA.73.063407' on page 3 undefined on input line 29.


LaTeX Warning: Citation `PhysRevX.6.041004' on page 3 undefined on input line 33.


LaTeX Warning: Citation `PhysRevA.73.063407' on page 3 undefined on input line 33.

[3

] [4]
第2章

LaTeX Warning: Citation `ノーベル賞と分光学' on page 5 undefined on input line 43.


LaTeX Warning: Citation `Foot:1080846' on page 5 undefined on input line 48.


LaTeX Warning: Citation `ノーベル賞と分光学' on page 5 undefined on input line 48.

[5

]

LaTeX Warning: Citation `ノーベル賞と分光学' on page 6 undefined on input line 70.

LaTeX Font Info:    Try loading font information for OMS+cmr on input line 72.
(/usr/local/texlive/2018/texmf-dist/tex/latex/base/omscmr.fd
File: omscmr.fd 2014/09/29 v2.5h Standard LaTeX font definitions
)
LaTeX Font Info:    Font shape `OMS/cmr/m/n' in size <10> not available
(Font)              Font shape `OMS/cmsy/m/n' tried instead on input line 72.
 [6] [7] Excluding 'comment' comment.
File: figures/chapter2/MOT_circular_polarization.png Graphic file (type bmp)
<figures/chapter2/MOT_circular_polarization.png>

Overfull \hbox (7.00967pt too wide) in paragraph at lines 135--137
 [][] 
 []

LaTeX Font Info:    Font shape `JT2/mc/m/n' will be
(Font)              scaled to size 8.32214pt on input line 137.
LaTeX Font Info:    Font shape `JY2/mc/m/n' will be
(Font)              scaled to size 8.32214pt on input line 137.
LaTeX Font Info:    Font shape `JT2/mc/bx/n' in size <9> not available
(Font)              Font shape `JT2/gt/m/n' tried instead on input line 137.
LaTeX Font Info:    Font shape `JT2/gt/m/n' will be
(Font)              scaled to size 8.32214pt on input line 137.
LaTeX Font Info:    Font shape `JY2/mc/bx/n' in size <9> not available
(Font)              Font shape `JY2/gt/m/n' tried instead on input line 137.
LaTeX Font Info:    Font shape `JY2/gt/m/n' will be
(Font)              scaled to size 8.32214pt on input line 137.

LaTeX Warning: Citation `Foot:1080846' on page 8 undefined on input line 137.


LaTeX Warning: Citation `Foot:1080846' on page 8 undefined on input line 137.

File: figures/chapter2/MOT_magnetic_field.png Graphic file (type bmp)
<figures/chapter2/MOT_magnetic_field.png>

Overfull \hbox (13.8817pt too wide) in paragraph at lines 145--147
 [][] 
 []


LaTeX Warning: Citation `Foot:1080846' on page 8 undefined on input line 147.


LaTeX Warning: Citation `Foot:1080846' on page 8 undefined on input line 147.

File: figures/chapter2/MOT_zeeman_split.png Graphic file (type bmp)
<figures/chapter2/MOT_zeeman_split.png>

Overfull \hbox (43.89005pt too wide) in paragraph at lines 155--157
 [][] 
 []


LaTeX Warning: Citation `Foot:1080846' on page 8 undefined on input line 157.


LaTeX Warning: Citation `Foot:1080846' on page 8 undefined on input line 157.


Overfull \hbox (15.33333pt too wide) in paragraph at lines 129--163
 [][][][] 
 []

[8]
File: figures/chapter2/saturated_absorption_figure.png Graphic file (type bmp)
<figures/chapter2/saturated_absorption_figure.png>
File: figures/chapter2/PD_Signal_main.png Graphic file (type bmp)
<figures/chapter2/PD_Signal_main.png>

Overfull \hbox (13.37982pt too wide) in paragraph at lines 192--194
 [][] 
 []


Overfull \hbox (15.33333pt too wide) in paragraph at lines 175--199
 [][][][] 
 []

File: figures/chapter2/TA_structure.png Graphic file (type bmp)
<figures/chapter2/TA_structure.png>

LaTeX Warning: Citation `Walpole1996' on page 9 undefined on input line 205.


LaTeX Warning: Citation `Walpole1996' on page 9 undefined on input line 205.

[9] [10]

LaTeX Warning: Citation `Femtosecondopticalfrequencycombs' on page 11 undefined on input line 221.


LaTeX Warning: Citation `Femtosecondopticalfrequencycombs' on page 11 undefined on input line 226.


LaTeX Warning: Citation `Femtosecondopticalfrequencycombs' on page 11 undefined on input line 230.

Excluding 'comment' comment. [11]
第3章

LaTeX Warning: Citation `PhysRevA.73.063407' on page 12 undefined on input line 296.


LaTeX Warning: Citation `PhysRevA.73.063407' on page 12 undefined on input line 297.


LaTeX Warning: Citation `PhysRevA.73.063407' on page 12 undefined on input line 297.


LaTeX Warning: Citation `PhysRevX.6.041004' on page 12 undefined on input line 301.

[12

]

LaTeX Warning: Citation `PhysRevX.6.041004' on page 13 undefined on input line 328.


LaTeX Warning: Citation `Cs_level_diagram' on page 13 undefined on input line 331.

[13]
File: figures/chapter3/necessary_excitation_rate.png Graphic file (type bmp)
<figures/chapter3/necessary_excitation_rate.png>

Overfull \hbox (12.0pt too wide) in paragraph at lines 343--353
 [][][][] 
 []


LaTeX Warning: Citation `PhysRevX.6.041004' on page 14 undefined on input line 355.

[14]

LaTeX Warning: Citation `PhysRevX.6.041004' on page 15 undefined on input line 365.

[15]
File: figures/chapter3/degenerated_2_photon_excitation_rate-P.png Graphic file (type bmp)
<figures/chapter3/degenerated_2_photon_excitation_rate-P.png>

Overfull \hbox (12.0pt too wide) in paragraph at lines 410--419
 [][][][] 
 []

[16]
LaTeX Font Info:    Font shape `JT2/mc/m/n' will be
(Font)              scaled to size 6.47278pt on input line 427.
LaTeX Font Info:    Font shape `JT2/mc/m/n' will be
(Font)              scaled to size 4.62341pt on input line 427.


LaTeX Warning: Citation `ノーベル賞と分光学' on page 17 undefined on input line 437.


LaTeX Warning: Citation `CsDLine' on page 17 undefined on input line 437.

File: figures/chapter3/1photon-sc-rate-2dcolor_120MHz_log.png Graphic file (type bmp)
<figures/chapter3/1photon-sc-rate-2dcolor_120MHz_log.png>
File: figures/chapter3/1photon-sc-rate-2dcolor_16GHz_log.png Graphic file (type bmp)
<figures/chapter3/1photon-sc-rate-2dcolor_16GHz_log.png>

Overfull \hbox (12.0pt too wide) in paragraph at lines 441--458
 [][][][] 
 []

[17] [18]
Overfull \vbox (17.27454pt too high) has occurred while \output is active []

 [19] [20]
File: figures/chapter3/2dcolor/5THz-120MHz-02GHz_new.png Graphic file (type bmp)
<figures/chapter3/2dcolor/5THz-120MHz-02GHz_new.png>
File: figures/chapter3/2dcolor/5THz-120MHz-04GHz_new.png Graphic file (type bmp)
<figures/chapter3/2dcolor/5THz-120MHz-04GHz_new.png>

Overfull \hbox (12.0pt too wide) in paragraph at lines 466--482
 [][][][] 
 []


Overfull \vbox (4.97327pt too high) has occurred while \output is active []

 [21]
File: figures/chapter3/2dcolor/5THz-16GHz-04GHz_new.png Graphic file (type bmp)
<figures/chapter3/2dcolor/5THz-16GHz-04GHz_new.png>
File: figures/chapter3/2dcolor/5THz-16GHz-08GHz_new.png Graphic file (type bmp)
<figures/chapter3/2dcolor/5THz-16GHz-08GHz_new.png>

Overfull \hbox (12.0pt too wide) in paragraph at lines 486--503
 [][][][] 
 []


Overfull \vbox (4.97327pt too high) has occurred while \output is active []

 [22] Excluding 'comment' comment. [23]
第4章
File: figures/saturated-absorption/Cs_level_diagram_MOT.png Graphic file (type bmp)
<figures/saturated-absorption/Cs_level_diagram_MOT.png>

LaTeX Warning: Citation `Cs_level_diagram' on page 24 undefined on input line 543.


LaTeX Warning: Citation `Cs_level_diagram' on page 24 undefined on input line 543.


Overfull \hbox (12.0pt too wide) in paragraph at lines 538--547
 [][][][] 
 []

[24

]
File: figures/saturated-absorption/ECDL_diagram.png Graphic file (type bmp)
<figures/saturated-absorption/ECDL_diagram.png>

Overfull \hbox (11.91144pt too wide) in paragraph at lines 556--558
 [][] 
 []


LaTeX Warning: Citation `ECDL' on page 25 undefined on input line 558.


LaTeX Warning: Citation `ECDL' on page 25 undefined on input line 558.


Overfull \hbox (12.0pt too wide) in paragraph at lines 553--562
 [][][][] 
 []

File: figures/saturated-absorption/Main_Laser_diagram.png Graphic file (type bmp)
<figures/saturated-absorption/Main_Laser_diagram.png>
File: figures/saturated-absorption/repump_diagram.png Graphic file (type bmp)
<figures/saturated-absorption/repump_diagram.png>

Overfull \hbox (12.0pt too wide) in paragraph at lines 569--586
 [][][][] 
 []

[25]
File: figures/saturated-absorption/PD_Signal_Main.png Graphic file (type bmp)
<figures/saturated-absorption/PD_Signal_Main.png>
File: figures/saturated-absorption/error_signal_main_all-structure.png Graphic file (type bmp)
<figures/saturated-absorption/error_signal_main_all-structure.png>
File: figures/saturated-absorption/main-locking-error.png Graphic file (type bmp)
<figures/saturated-absorption/main-locking-error.png>

Overfull \hbox (12.0pt too wide) in paragraph at lines 593--619
 [][][][] 
 []


LaTeX Warning: Float too large for page by 7.71384pt on input line 619.

[26] [27] [28]
File: figures/saturated-absorption/Repump_PD_signal.png Graphic file (type bmp)
<figures/saturated-absorption/Repump_PD_signal.png>

Overfull \hbox (12.0pt too wide) in paragraph at lines 624--633
 [][][][] 
 []

[29]
第5章

LaTeX Warning: Citation `わかる半導体レーザーの基礎と応用' on page 30 undefined on input line 646.


LaTeX Warning: Citation `grynberg_aspect_fabre_cohen-tannoudji_2010' on page 30 undefined on input line 647.

[30

]
File: figures/chapter2/semicon_structure.png Graphic file (type bmp)
<figures/chapter2/semicon_structure.png>
File: figures/chapter2/semicon_bands.png Graphic file (type bmp)
<figures/chapter2/semicon_bands.png>
 [31]

LaTeX Warning: Citation `Cruz:06' on page 32 undefined on input line 680.


LaTeX Warning: Citation `Walpole1996' on page 32 undefined on input line 690.


LaTeX Warning: Citation `Walpole1996' on page 32 undefined on input line 690.

File: figures/chapter2/TA_structure.png Graphic file (type bmp)
<figures/chapter2/TA_structure.png>

LaTeX Warning: Citation `Walpole1996' on page 32 undefined on input line 697.


LaTeX Warning: Citation `Walpole1996' on page 32 undefined on input line 697.

[32]
File: figures/chapter4/760_amp_diagram.png Graphic file (type bmp)
<figures/chapter4/760_amp_diagram.png>

Overfull \hbox (12.0pt too wide) in paragraph at lines 709--718
 [][][][] 
 []

File: figures/chapter4/spectrum_current_MODORI.png Graphic file (type bmp)
<figures/chapter4/spectrum_current_MODORI.png>
[33]
File: figures/chapter4/comb-spectrum_no-return.png Graphic file (type bmp)
<figures/chapter4/comb-spectrum_no-return.png>
 [34]

LaTeX Warning: Reference `Gain-current-766,766_slave-current_spectrum' on page 35 undefined on input line 740.

File: figures/chapter4/766-M-S-power.png Graphic file (type bmp)
<figures/chapter4/766-M-S-power.png>

Overfull \hbox (1.63455pt too wide) in paragraph at lines 749--751
 [][] 
 []

File: figures/chapter4/Gain-current-766.png Graphic file (type bmp)
<figures/chapter4/Gain-current-766.png>

Overfull \hbox (13.37982pt too wide) in paragraph at lines 756--758
 [][] 
 []


Overfull \hbox (27.91348pt too wide) in paragraph at lines 745--762
 [][][][] 
 []

[35]
File: figures/chapter4/766_slave-input-power.png Graphic file (type bmp)
<figures/chapter4/766_slave-input-power.png>

Overfull \hbox (12.0pt too wide) in paragraph at lines 767--776
 [][][][] 
 []


Overfull \vbox (190.34868pt too high) has occurred while \output is active []

 [36]
File: figures/chapter4/766_slave-current_spectrum.png Graphic file (type bmp)
<figures/chapter4/766_slave-current_spectrum.png>

Overfull \hbox (12.0pt too wide) in paragraph at lines 781--791
 [][][][] 
 []

[37]
File: figures/chapter4/carrier_saturation.png Graphic file (type bmp)
<figures/chapter4/carrier_saturation.png>
 [38] [39] Excluding 'comment' comment. Excluding 'comment' comment.
File: figures/chapter4/astro_amp_diagram_isolator.png Graphic file (type bmp)
<figures/chapter4/astro_amp_diagram_isolator.png>

Overfull \hbox (12.0pt too wide) in paragraph at lines 862--871
 [][][][] 
 []

File: figures/chapter4/760_astro_amp_diagram.png Graphic file (type bmp)
<figures/chapter4/760_astro_amp_diagram.png>

Overfull \hbox (12.0pt too wide) in paragraph at lines 874--883
 [][][][] 
 []

[40]
File: figures/chapter4/current-gain_astro766.png Graphic file (type bmp)
<figures/chapter4/current-gain_astro766.png>
File: figures/chapter4/astro_seed_dependency760.png Graphic file (type bmp)
<figures/chapter4/astro_seed_dependency760.png>

Overfull \hbox (12.0pt too wide) in paragraph at lines 891--909
 [][][][] 
 []

[41] [42]
File: figures/chapter4/760_slave-current_spectrum_astro.png Graphic file (type bmp)
<figures/chapter4/760_slave-current_spectrum_astro.png>

Overfull \hbox (8.68442pt too wide) in paragraph at lines 916--918
 [][] 
 []


Overfull \hbox (12.0pt too wide) in paragraph at lines 913--922
 [][][][] 
 []


Overfull \vbox (42.13289pt too high) has occurred while \output is active []

 [43]
File: figures/chapter4/astro_TA_output_seed_dependency766.png Graphic file (type bmp)
<figures/chapter4/astro_TA_output_seed_dependency766.png>

Overfull \hbox (26.89255pt too wide) in paragraph at lines 930--932
 [][] 
 []


Overfull \hbox (12.0pt too wide) in paragraph at lines 927--936
 [][][][] 
 []


Overfull \vbox (2.29283pt too high) has occurred while \output is active []

 [44]
File: figures/chapter4/M-S_power_comparison.png Graphic file (type bmp)
<figures/chapter4/M-S_power_comparison.png>
File: figures/chapter4/pulse_power-gain-comparison_errorbar.png Graphic file (type bmp)
<figures/chapter4/pulse_power-gain-comparison_errorbar.png>

Overfull \hbox (12.0pt too wide) in paragraph at lines 945--968
 [][][][] 
 []


LaTeX Warning: Float too large for page by 33.84444pt on input line 968.

[45] [46]
File: figures/chapter4/TA_cuurent-gain_comparison.png Graphic file (type bmp)
<figures/chapter4/TA_cuurent-gain_comparison.png>

Overfull \hbox (12.0pt too wide) in paragraph at lines 973--982
 [][][][] 
 []

[47]
File: figures/chapter4/TA_chip_ds.png Graphic file (type bmp)
<figures/chapter4/TA_chip_ds.png>
File: figures/chapter4/TA_mounter_photo_comments.png Graphic file (type bmp)
<figures/chapter4/TA_mounter_photo_comments.png>
File: figures/chapter4/TA_mounter_structure.png Graphic file (type bmp)
<figures/chapter4/TA_mounter_structure.png>

Overfull \hbox (23.17033pt too wide) in paragraph at lines 1012--1014
 [][] 
 []


Overfull \hbox (15.33333pt too wide) in paragraph at lines 997--1019
 [][][][] 
 []

[48]
File: figures/chapter4/TA_case.jpg Graphic file (type bmp)
<figures/chapter4/TA_case.jpg>
File: figures/chapter4/890_astro_amp_diagram.png Graphic file (type bmp)
<figures/chapter4/890_astro_amp_diagram.png>

Overfull \hbox (12.0pt too wide) in paragraph at lines 1036--1045
 [][][][] 
 []

[49]
File: figures/chapter4/TA_power-current_3A_astro.png Graphic file (type bmp)
<figures/chapter4/TA_power-current_3A_astro.png>

Overfull \hbox (13.37982pt too wide) in paragraph at lines 1058--1060
 [][] 
 []

File: figures/chapter4/890TPA_power_dependence_0117.png Graphic file (type bmp)
<figures/chapter4/890TPA_power_dependence_0117.png>

Overfull \hbox (13.37982pt too wide) in paragraph at lines 1068--1070
 [][] 
 []


Overfull \hbox (15.33333pt too wide) in paragraph at lines 1052--1075
 [][][][] 
 []


LaTeX Warning: Citation `doi:10.1063/1.3501966' on page 50 undefined on input line 1080.

[50]
File: figures/chapter4/doublepass_photo.png Graphic file (type bmp)
<figures/chapter4/doublepass_photo.png>
 [51] [52]
File: figures/chapter4/double-pass_I-slavepower.png Graphic file (type bmp)
<figures/chapter4/double-pass_I-slavepower.png>

Overfull \hbox (13.37982pt too wide) in paragraph at lines 1102--1104
 [][] 
 []

File: figures/chapter4/double-pass_I-Gain.png Graphic file (type bmp)
<figures/chapter4/double-pass_I-Gain.png>

Overfull \hbox (13.37982pt too wide) in paragraph at lines 1109--1111
 [][] 
 []

File: figures/chapter4/double-pass-Slave-Spectrum.png Graphic file (type bmp)
<figures/chapter4/double-pass-Slave-Spectrum.png>

Overfull \hbox (15.33333pt too wide) in paragraph at lines 1099--1126
 [][][][] 
 []


LaTeX Warning: Float too large for page by 53.27635pt on input line 1126.

[53] [54]
第6章
[55

] (./nakanishi_bthesis.bbl) [56] (./nakanishi_bthesis.aux)

LaTeX Warning: There were undefined references.


LaTeX Warning: There were multiply-defined labels.

 ) 
Here is how much of TeX's memory you used:
 3131 strings out of 493270
 50233 string characters out of 6145017
 127486 words of memory out of 5000000
 6977 multiletter control sequences out of 15000+600000
 27696 words of font info for 123 fonts, out of 8000000 for 9000
 934 hyphenation exceptions out of 8191
 36i,19n,39p,1394b,621s stack positions out of 5000i,500n,10000p,200000b,80000s

Output written on nakanishi_bthesis.dvi (57 pages, 132968 bytes).
